<?xml version="1.0" encoding="UTF-8"?>
<testsuite name="LoginPageTests" tests="3" skipped="0" failures="0" errors="0" timestamp="2020-11-27T06:02:35" hostname="LAPTOP-C9MSPJV0" time="21.318">
  <properties/>
  <testcase name="ValidUserValidation[0](standard_user, secret_sauce)" classname="LoginPageTests" time="0.796"/>
  <testcase name="InvalidUserValidation[0](wrong_user, secret_sauce)" classname="LoginPageTests" time="0.463"/>
  <testcase name="logoutValidation[0](standard_user, secret_sauce)" classname="LoginPageTests" time="2.298"/>
  <system-out><![CDATA[1st validation: The User navigates to Products Page
2nd validation: The User navigates with wrong userName 
3er Validation: Validate the user navigates to the login page
]]></system-out>
  <system-err><![CDATA[Starting ChromeDriver 85.0.4183.87 (cd6713ebf92fa1cacc0f1a598df280093af0c5d7-refs/branch-heads/4183@{#1689}) on port 14601
Only local connections are allowed.
Please see https://chromedriver.chromium.org/security-considerations for suggestions on keeping ChromeDriver safe.
ChromeDriver was started successfully.
[1606456950.279][WARNING]: This version of ChromeDriver has not been tested with Chrome version 86.
nov 27, 2020 12:02:32 AM org.openqa.selenium.remote.ProtocolHandshake createSession
INFORMACIÓN: Detected dialect: W3C
Starting ChromeDriver 85.0.4183.87 (cd6713ebf92fa1cacc0f1a598df280093af0c5d7-refs/branch-heads/4183@{#1689}) on port 25493
Only local connections are allowed.
Please see https://chromedriver.chromium.org/security-considerations for suggestions on keeping ChromeDriver safe.
ChromeDriver was started successfully.
[1606456960.469][WARNING]: This version of ChromeDriver has not been tested with Chrome version 86.
nov 27, 2020 12:02:42 AM org.openqa.selenium.remote.ProtocolHandshake createSession
INFORMACIÓN: Detected dialect: W3C
Starting ChromeDriver 85.0.4183.87 (cd6713ebf92fa1cacc0f1a598df280093af0c5d7-refs/branch-heads/4183@{#1689}) on port 2839
Only local connections are allowed.
Please see https://chromedriver.chromium.org/security-considerations for suggestions on keeping ChromeDriver safe.
ChromeDriver was started successfully.
[1606456969.665][WARNING]: This version of ChromeDriver has not been tested with Chrome version 86.
nov 27, 2020 12:02:51 AM org.openqa.selenium.remote.ProtocolHandshake createSession
INFORMACIÓN: Detected dialect: W3C
]]></system-err>
</testsuite>
