<?xml version="1.0" encoding="UTF-8"?>
<testsuite name="ProductPageTest" tests="1" skipped="0" failures="0" errors="0" timestamp="2021-03-03T18:17:51" hostname="LAPTOP-C9MSPJV0" time="0.436">
  <properties/>
  <testcase name="randomProductsValidation" classname="ProductPageTest" time="0.436"/>
  <system-out><![CDATA[bonus validation: Select a Product random
]]></system-out>
  <system-err><![CDATA[Starting ChromeDriver 87.0.4280.88 (89e2380a3e36c3464b5dd1302349b1382549290d-refs/branch-heads/4280@{#1761}) on port 39278
Only local connections are allowed.
Please see https://chromedriver.chromium.org/security-considerations for suggestions on keeping ChromeDriver safe.
ChromeDriver was started successfully.
[1614795465.213][WARNING]: This version of ChromeDriver has not been tested with Chrome version 88.
mar 03, 2021 12:17:47 PM org.openqa.selenium.remote.ProtocolHandshake createSession
INFORMACIÃ“N: Detected dialect: W3C
]]></system-err>
</testsuite>
