<?xml version="1.0" encoding="UTF-8"?>
<testsuite name="LoginPageTests" tests="3" skipped="0" failures="0" errors="0" timestamp="2020-10-27T02:26:54" hostname="LAPTOP-C9MSPJV0" time="14.259">
  <properties/>
  <testcase name="ValidUserValidation[0](standard_user, secret_sauce)" classname="LoginPageTests" time="0.743"/>
  <testcase name="InvalidUserValidation[0](wrong_user, secret_sauce)" classname="LoginPageTests" time="0.201"/>
  <testcase name="logoutValidation[0](standard_user, secret_sauce)" classname="LoginPageTests" time="0.988"/>
  <system-out><![CDATA[1st validation: The User navigates to Products Page
2nd validation: The User navigates with wrong userName 
3er Validation: Validate the user navigates to the login page
]]></system-out>
  <system-err><![CDATA[Starting ChromeDriver 85.0.4183.87 (cd6713ebf92fa1cacc0f1a598df280093af0c5d7-refs/branch-heads/4183@{#1689}) on port 43607
Only local connections are allowed.
Please see https://chromedriver.chromium.org/security-considerations for suggestions on keeping ChromeDriver safe.
ChromeDriver was started successfully.
[1603765610.088][WARNING]: This version of ChromeDriver has not been tested with Chrome version 86.
oct 26, 2020 8:26:52 PM org.openqa.selenium.remote.ProtocolHandshake createSession
INFORMACIÓN: Detected dialect: W3C
Starting ChromeDriver 85.0.4183.87 (cd6713ebf92fa1cacc0f1a598df280093af0c5d7-refs/branch-heads/4183@{#1689}) on port 33688
Only local connections are allowed.
Please see https://chromedriver.chromium.org/security-considerations for suggestions on keeping ChromeDriver safe.
ChromeDriver was started successfully.
[1603765617.328][WARNING]: This version of ChromeDriver has not been tested with Chrome version 86.
oct 26, 2020 8:26:59 PM org.openqa.selenium.remote.ProtocolHandshake createSession
INFORMACIÓN: Detected dialect: W3C
Starting ChromeDriver 85.0.4183.87 (cd6713ebf92fa1cacc0f1a598df280093af0c5d7-refs/branch-heads/4183@{#1689}) on port 9678
Only local connections are allowed.
Please see https://chromedriver.chromium.org/security-considerations for suggestions on keeping ChromeDriver safe.
ChromeDriver was started successfully.
[1603765623.656][WARNING]: This version of ChromeDriver has not been tested with Chrome version 86.
oct 26, 2020 8:27:05 PM org.openqa.selenium.remote.ProtocolHandshake createSession
INFORMACIÓN: Detected dialect: W3C
]]></system-err>
</testsuite>
