<?xml version="1.0" encoding="UTF-8"?>
<testsuite name="OverviewPageTest" tests="2" skipped="0" failures="0" errors="0" timestamp="2020-10-28T04:59:44" hostname="LAPTOP-C9MSPJV0" time="14.813">
  <properties/>
  <testcase name="finalOrderValidation" classname="OverviewPageTest" time="0.139"/>
  <testcase name="completePurchaseValidation" classname="OverviewPageTest" time="0.309"/>
  <system-out><![CDATA[9th Validation: User Navigates: Checkout: Overview Page and ValidatesSauce Labs Fleece Jacket Product matches Product added
10th Validation: User navigates to Finish Page
]]></system-out>
  <system-err><![CDATA[Starting ChromeDriver 85.0.4183.87 (cd6713ebf92fa1cacc0f1a598df280093af0c5d7-refs/branch-heads/4183@{#1689}) on port 39230
Only local connections are allowed.
Please see https://chromedriver.chromium.org/security-considerations for suggestions on keeping ChromeDriver safe.
ChromeDriver was started successfully.
[1603861175.866][WARNING]: This version of ChromeDriver has not been tested with Chrome version 86.
oct 27, 2020 10:59:37 PM org.openqa.selenium.remote.ProtocolHandshake createSession
INFORMACIÓN: Detected dialect: W3C
Starting ChromeDriver 85.0.4183.87 (cd6713ebf92fa1cacc0f1a598df280093af0c5d7-refs/branch-heads/4183@{#1689}) on port 8448
Only local connections are allowed.
Please see https://chromedriver.chromium.org/security-considerations for suggestions on keeping ChromeDriver safe.
ChromeDriver was started successfully.
[1603861187.182][WARNING]: This version of ChromeDriver has not been tested with Chrome version 86.
oct 27, 2020 10:59:49 PM org.openqa.selenium.remote.ProtocolHandshake createSession
INFORMACIÓN: Detected dialect: W3C
]]></system-err>
</testsuite>
