<?xml version="1.0" encoding="UTF-8"?>
<testsuite name="ProductPageTest" tests="4" skipped="0" failures="0" errors="0" timestamp="2020-10-28T04:57:44" hostname="LAPTOP-C9MSPJV0" time="74.134">
  <properties/>
  <testcase name="randomProductsValidation" classname="ProductPageTest" time="0.536"/>
  <testcase name="navigateShoppingCarValidation" classname="ProductPageTest" time="0.255"/>
  <testcase name="singleProductValidation" classname="ProductPageTest" time="0.67"/>
  <testcase name="multipleProductsValidation" classname="ProductPageTest" time="1.047"/>
  <system-out><![CDATA[bonus validation: Select a Product random
4th validation: The User navigates to Your Cart Page
5th validation: Sauce Labs Fleece Jacket has been added to the shoping car
6th validation: Sauce Labs Backpack has been added to the shoping car
6th validation: Test.allTheThings() T-Shirt (Red) has been added to the shoping car
]]></system-out>
  <system-err><![CDATA[Starting ChromeDriver 85.0.4183.87 (cd6713ebf92fa1cacc0f1a598df280093af0c5d7-refs/branch-heads/4183@{#1689}) on port 41664
Only local connections are allowed.
Please see https://chromedriver.chromium.org/security-considerations for suggestions on keeping ChromeDriver safe.
ChromeDriver was started successfully.
[1603861049.911][WARNING]: This version of ChromeDriver has not been tested with Chrome version 86.
oct 27, 2020 10:57:31 PM org.openqa.selenium.remote.ProtocolHandshake createSession
INFORMACIÓN: Detected dialect: W3C
Starting ChromeDriver 85.0.4183.87 (cd6713ebf92fa1cacc0f1a598df280093af0c5d7-refs/branch-heads/4183@{#1689}) on port 8364
Only local connections are allowed.
Please see https://chromedriver.chromium.org/security-considerations for suggestions on keeping ChromeDriver safe.
ChromeDriver was started successfully.
[1603861068.215][WARNING]: This version of ChromeDriver has not been tested with Chrome version 86.
oct 27, 2020 10:57:50 PM org.openqa.selenium.remote.ProtocolHandshake createSession
INFORMACIÓN: Detected dialect: W3C
Starting ChromeDriver 85.0.4183.87 (cd6713ebf92fa1cacc0f1a598df280093af0c5d7-refs/branch-heads/4183@{#1689}) on port 45947
Only local connections are allowed.
Please see https://chromedriver.chromium.org/security-considerations for suggestions on keeping ChromeDriver safe.
ChromeDriver was started successfully.
[1603861087.915][WARNING]: This version of ChromeDriver has not been tested with Chrome version 86.
oct 27, 2020 10:58:09 PM org.openqa.selenium.remote.ProtocolHandshake createSession
INFORMACIÓN: Detected dialect: W3C
Starting ChromeDriver 85.0.4183.87 (cd6713ebf92fa1cacc0f1a598df280093af0c5d7-refs/branch-heads/4183@{#1689}) on port 48205
Only local connections are allowed.
Please see https://chromedriver.chromium.org/security-considerations for suggestions on keeping ChromeDriver safe.
ChromeDriver was started successfully.
[1603861120.683][WARNING]: This version of ChromeDriver has not been tested with Chrome version 86.
oct 27, 2020 10:58:42 PM org.openqa.selenium.remote.ProtocolHandshake createSession
INFORMACIÓN: Detected dialect: W3C
]]></system-err>
</testsuite>
