<?xml version="1.0" encoding="UTF-8"?>
<testsuite name="LoginPageTests" tests="3" skipped="0" failures="0" errors="0" timestamp="2020-10-28T04:56:43" hostname="LAPTOP-C9MSPJV0" time="42.309">
  <properties/>
  <testcase name="ValidUserValidation[0](standard_user, secret_sauce)" classname="LoginPageTests" time="13.923"/>
  <testcase name="InvalidUserValidation[0](wrong_user, secret_sauce)" classname="LoginPageTests" time="0.48"/>
  <testcase name="logoutValidation[0](standard_user, secret_sauce)" classname="LoginPageTests" time="9.311"/>
  <system-out><![CDATA[1st validation: The User navigates to Products Page
2nd validation: The User navigates with wrong userName 
3er Validation: Validate the user navigates to the login page
]]></system-out>
  <system-err><![CDATA[Starting ChromeDriver 85.0.4183.87 (cd6713ebf92fa1cacc0f1a598df280093af0c5d7-refs/branch-heads/4183@{#1689}) on port 20881
Only local connections are allowed.
Please see https://chromedriver.chromium.org/security-considerations for suggestions on keeping ChromeDriver safe.
ChromeDriver was started successfully.
[1603860998.045][WARNING]: This version of ChromeDriver has not been tested with Chrome version 86.
oct 27, 2020 10:56:40 PM org.openqa.selenium.remote.ProtocolHandshake createSession
INFORMACIÓN: Detected dialect: W3C
Starting ChromeDriver 85.0.4183.87 (cd6713ebf92fa1cacc0f1a598df280093af0c5d7-refs/branch-heads/4183@{#1689}) on port 11871
Only local connections are allowed.
Please see https://chromedriver.chromium.org/security-considerations for suggestions on keeping ChromeDriver safe.
ChromeDriver was started successfully.
[1603861021.834][WARNING]: This version of ChromeDriver has not been tested with Chrome version 86.
oct 27, 2020 10:57:03 PM org.openqa.selenium.remote.ProtocolHandshake createSession
INFORMACIÓN: Detected dialect: W3C
Starting ChromeDriver 85.0.4183.87 (cd6713ebf92fa1cacc0f1a598df280093af0c5d7-refs/branch-heads/4183@{#1689}) on port 45629
Only local connections are allowed.
Please see https://chromedriver.chromium.org/security-considerations for suggestions on keeping ChromeDriver safe.
ChromeDriver was started successfully.
[1603861032.165][WARNING]: This version of ChromeDriver has not been tested with Chrome version 86.
oct 27, 2020 10:57:14 PM org.openqa.selenium.remote.ProtocolHandshake createSession
INFORMACIÓN: Detected dialect: W3C
]]></system-err>
</testsuite>
