<?xml version="1.0" encoding="UTF-8"?>
<testsuite name="CheckOutPageTest" tests="2" skipped="0" failures="0" errors="0" timestamp="2020-10-27T03:17:24" hostname="LAPTOP-C9MSPJV0" time="7.61">
  <properties/>
  <testcase name="errorMessageValidation" classname="CheckOutPageTest" time="0.077"/>
  <testcase name="fillUserInfoValidation[0](first, second, 45060)" classname="CheckOutPageTest" time="0.324"/>
  <system-out><![CDATA[7th validation: Validate error message is displayed on the userâ€™s information page.
8th Validation: The user navigates to Checkout: Overview Page
]]></system-out>
  <system-err><![CDATA[Starting ChromeDriver 85.0.4183.87 (cd6713ebf92fa1cacc0f1a598df280093af0c5d7-refs/branch-heads/4183@{#1689}) on port 29773
Only local connections are allowed.
Please see https://chromedriver.chromium.org/security-considerations for suggestions on keeping ChromeDriver safe.
ChromeDriver was started successfully.
[1603768639.042][WARNING]: This version of ChromeDriver has not been tested with Chrome version 86.
oct 26, 2020 9:17:21 PM org.openqa.selenium.remote.ProtocolHandshake createSession
INFORMACIÓN: Detected dialect: W3C
Starting ChromeDriver 85.0.4183.87 (cd6713ebf92fa1cacc0f1a598df280093af0c5d7-refs/branch-heads/4183@{#1689}) on port 23238
Only local connections are allowed.
Please see https://chromedriver.chromium.org/security-considerations for suggestions on keeping ChromeDriver safe.
ChromeDriver was started successfully.
[1603768646.275][WARNING]: This version of ChromeDriver has not been tested with Chrome version 86.
oct 26, 2020 9:17:28 PM org.openqa.selenium.remote.ProtocolHandshake createSession
INFORMACIÓN: Detected dialect: W3C
]]></system-err>
</testsuite>
