<?xml version="1.0" encoding="UTF-8"?>
<testsuite name="CheckOutPageTest" tests="2" skipped="0" failures="0" errors="0" timestamp="2020-10-28T04:59:18" hostname="LAPTOP-C9MSPJV0" time="14.777">
  <properties/>
  <testcase name="errorMessageValidation" classname="CheckOutPageTest" time="0.194"/>
  <testcase name="fillUserInfoValidation[0](first, second, 45060)" classname="CheckOutPageTest" time="0.521"/>
  <system-out><![CDATA[7th validation: Validate error message is displayed on the userâ€™s information page.
8th Validation: The user navigates to Checkout: Overview Page
]]></system-out>
  <system-err><![CDATA[Starting ChromeDriver 85.0.4183.87 (cd6713ebf92fa1cacc0f1a598df280093af0c5d7-refs/branch-heads/4183@{#1689}) on port 42174
Only local connections are allowed.
Please see https://chromedriver.chromium.org/security-considerations for suggestions on keeping ChromeDriver safe.
ChromeDriver was started successfully.
[1603861141.735][WARNING]: This version of ChromeDriver has not been tested with Chrome version 86.
oct 27, 2020 10:59:03 PM org.openqa.selenium.remote.ProtocolHandshake createSession
INFORMACIÓN: Detected dialect: W3C
Starting ChromeDriver 85.0.4183.87 (cd6713ebf92fa1cacc0f1a598df280093af0c5d7-refs/branch-heads/4183@{#1689}) on port 16265
Only local connections are allowed.
Please see https://chromedriver.chromium.org/security-considerations for suggestions on keeping ChromeDriver safe.
ChromeDriver was started successfully.
[1603861161.952][WARNING]: This version of ChromeDriver has not been tested with Chrome version 86.
oct 27, 2020 10:59:24 PM org.openqa.selenium.remote.ProtocolHandshake createSession
INFORMACIÓN: Detected dialect: W3C
]]></system-err>
</testsuite>
