<?xml version="1.0" encoding="UTF-8"?>
<testsuite name="ProductPageTest" tests="3" skipped="0" failures="0" errors="0" timestamp="2020-10-27T03:12:04" hostname="LAPTOP-C9MSPJV0" time="14.455">
  <properties/>
  <testcase name="navigateShoppingCarValidation" classname="ProductPageTest" time="0.162"/>
  <testcase name="singleProductValidation" classname="ProductPageTest" time="0.32"/>
  <testcase name="multipleProductsValidation" classname="ProductPageTest" time="0.446"/>
  <system-out><![CDATA[4th validation: The User navigates to Your Cart Page
5th validation: Sauce Labs Fleece Jacket has been added to the shoping car
6th validation: Sauce Labs Backpack has been added to the shoping car
6th validation: Test.allTheThings() T-Shirt (Red) has been added to the shoping car
]]></system-out>
  <system-err><![CDATA[Starting ChromeDriver 85.0.4183.87 (cd6713ebf92fa1cacc0f1a598df280093af0c5d7-refs/branch-heads/4183@{#1689}) on port 41516
Only local connections are allowed.
Please see https://chromedriver.chromium.org/security-considerations for suggestions on keeping ChromeDriver safe.
ChromeDriver was started successfully.
[1603768319.561][WARNING]: This version of ChromeDriver has not been tested with Chrome version 86.
oct 26, 2020 9:12:01 PM org.openqa.selenium.remote.ProtocolHandshake createSession
INFORMACIÓN: Detected dialect: W3C
Starting ChromeDriver 85.0.4183.87 (cd6713ebf92fa1cacc0f1a598df280093af0c5d7-refs/branch-heads/4183@{#1689}) on port 38580
Only local connections are allowed.
Please see https://chromedriver.chromium.org/security-considerations for suggestions on keeping ChromeDriver safe.
ChromeDriver was started successfully.
[1603768326.752][WARNING]: This version of ChromeDriver has not been tested with Chrome version 86.
oct 26, 2020 9:12:08 PM org.openqa.selenium.remote.ProtocolHandshake createSession
INFORMACIÓN: Detected dialect: W3C
Starting ChromeDriver 85.0.4183.87 (cd6713ebf92fa1cacc0f1a598df280093af0c5d7-refs/branch-heads/4183@{#1689}) on port 12587
Only local connections are allowed.
Please see https://chromedriver.chromium.org/security-considerations for suggestions on keeping ChromeDriver safe.
ChromeDriver was started successfully.
[1603768333.829][WARNING]: This version of ChromeDriver has not been tested with Chrome version 86.
oct 26, 2020 9:12:15 PM org.openqa.selenium.remote.ProtocolHandshake createSession
INFORMACIÓN: Detected dialect: W3C
]]></system-err>
</testsuite>
